[0;32m=== DEPLOYMENT STARTED ===[0m
Enter GitHub repository URL: Enter Personal Access Token (leave empty if public repo): 
Enter Branch name: Enter SSH username: Enter Server IP address: Enter SSH port [default 22]: Enter SSH key path: Can you use sudo on the remote server without password prompt? (y/n) [n]: [1;33m[INFO] Repository exists. Pulling latest changes...[0m
From https://github.com/tiusoro/hng13-stage1-devops
 * branch            main       -> FETCH_HEAD
   787d5a3..c2cae39  main       -> origin/main
Updating 787d5a3..c2cae39
Fast-forward
 deploy.sh | 73 ++++++++++++++++++++++++++++++++++++++++-----------------------
 1 file changed, 47 insertions(+), 26 deletions(-)
[1;33m[INFO] Testing SSH connectivity...[0m
  echo -e "${GREEN}[INFO] SSH connection successful"${YELLOW}[INFO] Testing SSH connectivity...${NC}"{NC}"
[0;32m[INFO] SSH connection successful[1;33m[INFO] Testing SSH connectivity...[0m{NC}
[1;33m[INFO] Copying files to remote server (excluding .git)...[0m
[REMOTE] Extracting project files...
tar: hng13-stage1-devops/deploy.sh: time stamp 2025-10-22 08:43:41 is 585.341709385 s in the future
tar: hng13-stage1-devops: time stamp 2025-10-22 08:43:41 is 585.341449782 s in the future
[1;33m[INFO] Building Docker image and starting container...[0m
[REMOTE] Building Docker image...
bash: line 5: docker: command not found
