[0;32m=== DEPLOYMENT STARTED ===[0m
Enter GitHub repository URL: Enter Personal Access Token (leave empty if public repo): 
Enter Branch name: Enter SSH username: Enter Server IP address: Enter SSH port [default 22]: Enter SSH key path: Can you use sudo on the remote server without password prompt? (y/n) [y]: [1;33m[INFO] Repository exists. Pulling latest changes...[0m
From https://github.com/tiusoro/hng13-stage1-devops
 * branch            main       -> FETCH_HEAD
   cda77fc..40a4d1f  main       -> origin/main
Updating cda77fc..40a4d1f
Fast-forward
 deploy.sh                  |   5 +-
 deploy_20251022_091548.log |   7 ++
 deploy_20251022_092253.log |  16 +++
 deploy_20251022_093051.log |  22 ++++
 deploy_20251022_094215.log |  20 ++++
 deploy_20251022_094816.log | 274 +++++++++++++++++++++++++++++++++++++++++++++
 deploy_20251022_100256.log |  83 ++++++++++++++
 deploy_20251022_100717.log |   3 +
 8 files changed, 428 insertions(+), 2 deletions(-)
 create mode 100644 deploy_20251022_091548.log
 create mode 100644 deploy_20251022_092253.log
 create mode 100644 deploy_20251022_093051.log
 create mode 100644 deploy_20251022_094215.log
 create mode 100644 deploy_20251022_094816.log
 create mode 100644 deploy_20251022_100256.log
 create mode 100644 deploy_20251022_100717.log
[1;33m[INFO] Testing SSH connectivity...[0m
  echo -e "${GREEN}[INFO] SSH connection successful"${YELLOW}[INFO] Testing SSH connectivity...${NC}"{NC}"
[0;32m[INFO] SSH connection successful[1;33m[INFO] Testing SSH connectivity...[0m{NC}
[1;33m[INFO] Checking if Docker is installed on remote server...[0m
[0;32m[INFO] Docker is installed on remote server.[0m
[1;33m[INFO] Copying files to remote server (excluding .git)...[0m
[REMOTE] Extracting project files...
tar: hng13-stage1-devops/deploy.sh: time stamp 2025-10-22 09:15:08 is 580.823072705 s in the future
tar: hng13-stage1-devops/deploy_20251022_091548.log: time stamp 2025-10-22 09:15:08 is 580.822895133 s in the future
tar: hng13-stage1-devops/deploy_20251022_092253.log: time stamp 2025-10-22 09:15:08 is 580.82284893 s in the future
tar: hng13-stage1-devops/deploy_20251022_093051.log: time stamp 2025-10-22 09:15:08 is 580.822683667 s in the future
tar: hng13-stage1-devops/deploy_20251022_094215.log: time stamp 2025-10-22 09:15:08 is 580.822506441 s in the future
tar: hng13-stage1-devops/deploy_20251022_094816.log: time stamp 2025-10-22 09:15:08 is 580.82244922 s in the future
tar: hng13-stage1-devops/deploy_20251022_100256.log: time stamp 2025-10-22 09:15:08 is 580.822412481 s in the future
tar: hng13-stage1-devops/deploy_20251022_100717.log: time stamp 2025-10-22 09:15:08 is 580.822378152 s in the future
tar: hng13-stage1-devops: time stamp 2025-10-22 09:15:08 is 580.822254439 s in the future
[1;33m[INFO] Building Docker image and starting container...[0m
[REMOTE] Building Docker image...
#0 building with "default" instance using docker driver

#1 [internal] load build definition from Dockerfile
#1 transferring dockerfile: 585B done
#1 DONE 0.0s

#2 [internal] load metadata for docker.io/library/nginx:1.25-alpine
#2 DONE 0.1s

#3 [internal] load .dockerignore
#3 transferring context: 2B done
#3 DONE 0.0s

#4 [1/4] FROM docker.io/library/nginx:1.25-alpine@sha256:516475cc129da42866742567714ddc681e5eed7b9ee0b9e9c015e464b4221a00
#4 DONE 0.0s

#5 [internal] load build context
#5 transferring context: 34.97kB done
#5 DONE 0.0s

#6 [2/4] WORKDIR /usr/share/nginx/html
#6 CACHED

#7 [3/4] RUN rm -rf ./*
#7 CACHED

#8 [4/4] COPY . .
#8 DONE 0.1s

#9 exporting to image
#9 exporting layers
#9 exporting layers 0.0s done
#9 writing image sha256:380a1c3f11dc39b10c2d1dbd9bfec263e2559ebd650ff5d0b844da7e91b88f99 done
#9 naming to docker.io/library/myapp done
#9 DONE 0.1s
[REMOTE] Stopping old container...
[REMOTE] Starting new container on port 8080...
1df3971725f5f7e238ceece79b604fb9c2fd54bf70ff4886b3d1b4def4ae2118
[REMOTE] Checking running containers...
CONTAINER ID   IMAGE     COMMAND                  CREATED                  STATUS                  PORTS                                     NAMES
1df3971725f5   myapp     "/docker-entrypoint.…"   Less than a second ago   Up Less than a second   0.0.0.0:8080->80/tcp, [::]:8080->80/tcp   myapp
[1;33m[INFO] Configuring Nginx reverse proxy...[0m
[WARN] Nginx may not be installed or accessible. Skipping configuration.
[1;33m[INFO] Checking app response internally...[0m
  % Total    % Received % Xferd  Average Speed   Time    Time     Time  Current
                                 Dload  Upload   Total   Spent    Left  Speed
  0     0    0     0    0     0      0      0 --:--:-- --:--:-- --:--:--     0 HTTP/1.1 200 OK
Server: nginx/1.25.5
Date: Wed, 22 Oct 2025 09:05:40 GMT
Content-Type: text/html
Content-Length: 981
Last-Modified: Wed, 22 Oct 2025 09:03:53 GMT
Connection: keep-alive
ETag: "68f89df9-3d5"
Accept-Ranges: bytes

 0   981    0     0    0     0      0      0 --:--:-- --:--:-- --:--:--     0
[0;32m=== DEPLOYMENT COMPLETE ===[0m
Check your app at: http://35.172.236.87
Logs saved to: deploy_20251022_101350.log
