[0;32m=== DEPLOYMENT STARTED ===[0m
Enter GitHub repository URL: Enter Personal Access Token (leave empty if public repo): 
Enter Branch name: Enter SSH username: Enter Server IP address: Enter SSH port [default 22]: Enter SSH key path: Can you use sudo on the remote server without password prompt? (y/n) [n]: [1;33m[INFO] Repository exists. Pulling latest changes...[0m
From https://github.com/tiusoro/hng13-stage1-devops
 * branch            main       -> FETCH_HEAD
   e1ece8d..cda77fc  main       -> origin/main
Updating e1ece8d..cda77fc
Fast-forward
 deploy.sh  | 12 +++++-------
 index.html | 35 ++++++++++++++++++++++++++++++-----
 2 files changed, 35 insertions(+), 12 deletions(-)
[1;33m[INFO] Testing SSH connectivity...[0m
  echo -e "${GREEN}[INFO] SSH connection successful"${YELLOW}[INFO] Testing SSH connectivity...${NC}"{NC}"
[0;32m[INFO] SSH connection successful[1;33m[INFO] Testing SSH connectivity...[0m{NC}
[1;33m[INFO] Checking if Docker is installed on remote server...[0m
[0;32m[INFO] Docker is installed on remote server.[0m
[1;33m[INFO] Copying files to remote server (excluding .git)...[0m
[REMOTE] Extracting project files...
tar: hng13-stage1-devops/deploy.sh: time stamp 2025-10-22 09:03:53 is 582.228869156 s in the future
tar: hng13-stage1-devops/index.html: time stamp 2025-10-22 09:03:53 is 582.228569168 s in the future
tar: hng13-stage1-devops: time stamp 2025-10-22 09:03:53 is 582.228499626 s in the future
[1;33m[INFO] Building Docker image and starting container...[0m
[REMOTE] Building Docker image...
#0 building with "default" instance using docker driver

#1 [internal] load build definition from Dockerfile
#1 transferring dockerfile: 585B done
#1 DONE 0.0s

#2 [internal] load metadata for docker.io/library/nginx:1.25-alpine
#2 DONE 0.1s

#3 [internal] load .dockerignore
#3 transferring context: 2B done
#3 DONE 0.0s

#4 [1/4] FROM docker.io/library/nginx:1.25-alpine@sha256:516475cc129da42866742567714ddc681e5eed7b9ee0b9e9c015e464b4221a00
#4 DONE 0.0s

#5 [internal] load build context
#5 transferring context: 7.58kB done
#5 DONE 0.0s

#6 [2/4] WORKDIR /usr/share/nginx/html
#6 CACHED

#7 [3/4] RUN rm -rf ./*
#7 CACHED

#8 [4/4] COPY . .
#8 DONE 0.1s

#9 exporting to image
#9 exporting layers
#9 exporting layers 0.0s done
#9 writing image sha256:d53bf04b2479cab03be1f131f2f71f99df659f2f05b3431e725f1d34352dfa45 done
#9 naming to docker.io/library/myapp done
#9 DONE 0.1s
[REMOTE] Stopping old container...
[REMOTE] Starting new container on port 8080...
dff5e82aff827f8aaefb9d58ff871190e8d7c100c8d808f675d9c767bb7772d4
[REMOTE] Checking running containers...
CONTAINER ID   IMAGE     COMMAND                  CREATED        STATUS                  PORTS                                     NAMES
dff5e82aff82   myapp     "/docker-entrypoint.…"   1 second ago   Up Less than a second   0.0.0.0:8080->80/tcp, [::]:8080->80/tcp   myapp
[1;33m[INFO] Configuring Nginx reverse proxy...[0m
[WARN] Nginx may not be installed or accessible. Skipping configuration.
[1;33m[INFO] Checking app response internally...[0m
  % Total    % Received % Xferd  Average Speed   Time    Time     Time  Current
                                 Dload  Upload   Total   Spent    Left  Speed
  0     0    0     0    0     0      0      0 --:--:-- --:--:-- --:--:--     0  0  HTTP/1.1 200 OK
Server: nginx/1.25.5
Date: Wed, 22 Oct 2025 08:54:21 GMT
Content-Type: text/html
Content-Length: 981
Last-Modified: Wed, 22 Oct 2025 09:03:53 GMT
Connection: keep-alive
ETag: "68f89df9-3d5"
Accept-Ranges: bytes

 981    0     0    0     0      0      0 --:--:-- --:--:-- --:--:--     0
[0;32m=== DEPLOYMENT COMPLETE ===[0m
Check your app at: http://35.172.236.87
Logs saved to: deploy_20251022_100256.log
